********************************************************************************
DUPLICATOR-LITE PACKAGE-LOG: 2 de March de 2023 18:16
NOTICE: Do NOT post to public sites or forums 
********************************************************************************
VERSION:	1.4.0
WORDPRESS:	5.6.10
PHP INFO:	7.4.19 | SAPI: apache2handler
SERVER:		Apache/2.4.47 (Win64) OpenSSL/1.1.1k PHP/7.4.19 
PHP TIME LIMIT: (0) no time limit imposed 
PHP MAX MEMORY: 4294967296 (512M default) 
MEMORY STACK: 8MB
[CTRL DUP ARCIVE] PACKAGE AS NEW ID 2 SAVED | STATUS:0
[DUP ARCHIVE] BUILDING DATABASE

********************************************************************************
DATABASE:
********************************************************************************
BUILD MODE:   PHP(query limit - 100)
MYSQLTIMEOUT: 5000
MYSQLDUMP:    Not Supported
TABLES: total:41 | filtered:0 | create:41
FILTERED: []
SQL CREATED: 20210524_jaquelinealmeida_f8fd93c2820bcfd56176_20230302181632_database.sql
SQL FILE SIZE: 5.43MB (5690306)
SQL FILE TIME: 2023-03-02 18:16:46
SQL RUNTIME: 4.87 sec.
[DUP ARCHIVE] VALIDATING DATABASE
[DUP ARCHIVE] DONE DATABASE

********************************************************************************
ARCHIVE Type=DUP Mode=DupArchive
********************************************************************************
ARCHIVE DIR:  C:/laragon/www/jaqueline
ARCHIVE FILE: 20210524_jaquelinealmeida_f8fd93c2820bcfd56176_20230302181632_archive.daf
FILTERS: *OFF*
DIRS:
	not set
FILES:
	not set
EXTS:  not set
----------------------------------------
COMPRESSING
SIZE:	0B
STATS:	Dirs 0 | Files 0 | Total 0
[DUP ARCHIVE] DONE ARCHIVE
building installer
add_extra_files1
add_extra_files2
add_extra_files3
add_extra_files4
Doing archive file check
add_extra_files5
add_extra_files6
add_extra_files7
add_extra_files_using_da1
Adding enhanced installer files to archive using DupArchive
[DUP ARCHIVE] DONE ARCHIVE
COMPRESSED SIZE: 3.04MB
ARCHIVE RUNTIME: 11.38 sec.
MEMORY STACK: 6MB
CREATE WARNINGS: No warnings.
VALIDATION WARNINGS: No warnings.
[DUP ARCHIVE] DONE ARCHIVE
[DUP ARCHIVE] HAS COMPLETED CLOSING
[DUP ARCHIVE] DUP ARCHIVE INTEGRITY CHECK

********************************************************************************
INTEGRITY CHECKS:
********************************************************************************
SQL FILE: 5.43MB
INSTALLER FILE: 77.83KB
ARCHIVE FILE: 3.04MB 
EXPECTED FILE/DIRECTORY COUNT: 196
ACTUAL FILE/DIRECTORY COUNT: 197

********************************************************************************
RECORD ID:[2]
TOTAL PROCESS RUNTIME: 11.39 sec.
PEAK PHP MEMORY USED: 6MB
DONE PROCESSING => 20210524_jaquelinealmeida 2023-03-02 18:16:53

